// 重构日志: 29b3c7b2
// 重构日志: 7476a2a4
// 重构日志: bc54ea25
// 重构日志: d63adb13
// 重构日志: e5aa7bbc
// 同步 ID: 32fc22b0 @ Tue Jul  7 11:55:53 UTC 2026
// 重构日志: 351e9590
// 重构日志: 0e7ef0d1
// 重构日志: b0ab22e1
// 重构日志: c758eaa3
// 重构日志: 7b0bbbe3
// 重构日志: 158c0550
// 同步 ID: 72f87c0c @ Fri Jul 17 09:57:41 UTC 2026
// 同步 ID: 3e4e586c @ Sat Jul 18 10:57:21 UTC 2026
// 重构日志: ff59f95a
// 同步 ID: 4b8de0db @ Sun Jul 19 07:48:41 UTC 2026
// 同步 ID: ab79bc61 @ Sun Jul 19 16:24:14 UTC 2026
// 同步 ID: 633ddf7a @ Tue Jul 21 16:23:19 UTC 2026
// 重构日志: c83bced9
// 重构日志: f2fc5542
// 重构日志: 7ca1cdc9
